0 info it worked if it ends with ok
1 verbose cli [ 'node', '/usr/local/bin/npm', 'install', 'js-bson' ]
2 info using npm@1.4.28
3 info using node@v0.10.32
4 warn package.json BeatQ@0.0.1-2 No repository field.
5 warn package.json BeatQ@0.0.1-2 No README data
6 verbose readDependencies using package.json deps
7 verbose cache add [ 'js-bson', null ]
8 verbose cache add name=undefined spec="js-bson" args=["js-bson",null]
9 verbose parsed url { protocol: null,
9 verbose parsed url   slashes: null,
9 verbose parsed url   auth: null,
9 verbose parsed url   host: null,
9 verbose parsed url   port: null,
9 verbose parsed url   hostname: null,
9 verbose parsed url   hash: null,
9 verbose parsed url   search: null,
9 verbose parsed url   query: null,
9 verbose parsed url   pathname: 'js-bson',
9 verbose parsed url   path: 'js-bson',
9 verbose parsed url   href: 'js-bson' }
10 silly lockFile 39987484-js-bson js-bson
11 verbose lock js-bson /Users/paulokuda/.npm/39987484-js-bson.lock
12 silly lockFile 39987484-js-bson js-bson
13 silly lockFile 39987484-js-bson js-bson
14 verbose addNamed [ 'js-bson', '' ]
15 verbose addNamed [ null, '*' ]
16 silly lockFile a5c0f890-js-bson js-bson@
17 verbose lock js-bson@ /Users/paulokuda/.npm/a5c0f890-js-bson.lock
18 silly addNameRange { name: 'js-bson', range: '*', hasData: false }
19 verbose request where is /js-bson
20 verbose request registry https://registry.npmjs.org/
21 verbose request id 729207c05fbfa88b
22 verbose url raw /js-bson
23 verbose url resolving [ 'https://registry.npmjs.org/', './js-bson' ]
24 verbose url resolved https://registry.npmjs.org/js-bson
25 verbose request where is https://registry.npmjs.org/js-bson
26 info trying registry request attempt 1 at 19:09:41
27 http GET https://registry.npmjs.org/js-bson
28 http 404 https://registry.npmjs.org/js-bson
29 verbose headers { date: 'Thu, 11 Dec 2014 00:09:41 GMT',
29 verbose headers   server: 'CouchDB/1.5.0 (Erlang OTP/R14B04)',
29 verbose headers   'content-type': 'application/json',
29 verbose headers   'cache-control': 'max-age=0',
29 verbose headers   'content-length': '52',
29 verbose headers   'accept-ranges': 'bytes',
29 verbose headers   via: '1.1 varnish',
29 verbose headers   age: '0',
29 verbose headers   'x-served-by': 'cache-atl6233-ATL',
29 verbose headers   'x-cache': 'MISS',
29 verbose headers   'x-cache-hits': '0',
29 verbose headers   'x-timer': 'S1418256581.335131,VS0,VE34',
29 verbose headers   'keep-alive': 'timeout=10, max=50',
29 verbose headers   connection: 'Keep-Alive' }
30 silly registry.get cb [ 404,
30 silly registry.get   { date: 'Thu, 11 Dec 2014 00:09:41 GMT',
30 silly registry.get     server: 'CouchDB/1.5.0 (Erlang OTP/R14B04)',
30 silly registry.get     'content-type': 'application/json',
30 silly registry.get     'cache-control': 'max-age=0',
30 silly registry.get     'content-length': '52',
30 silly registry.get     'accept-ranges': 'bytes',
30 silly registry.get     via: '1.1 varnish',
30 silly registry.get     age: '0',
30 silly registry.get     'x-served-by': 'cache-atl6233-ATL',
30 silly registry.get     'x-cache': 'MISS',
30 silly registry.get     'x-cache-hits': '0',
30 silly registry.get     'x-timer': 'S1418256581.335131,VS0,VE34',
30 silly registry.get     'keep-alive': 'timeout=10, max=50',
30 silly registry.get     connection: 'Keep-Alive' } ]
31 silly lockFile a5c0f890-js-bson js-bson@
32 silly lockFile a5c0f890-js-bson js-bson@
33 error 404 404 Not Found: js-bson
33 error 404
33 error 404 'js-bson' is not in the npm registry.
33 error 404 You should bug the author to publish it
33 error 404 It was specified as a dependency of 'BeatQ'
33 error 404
33 error 404 Note that you can also install from a
33 error 404 tarball, folder, or http url, or git url.
34 error System Darwin 14.0.0
35 error command "node" "/usr/local/bin/npm" "install" "js-bson"
36 error cwd /Users/paulokuda/Desktop/67328/beatq-deploy/beatq
37 error node -v v0.10.32
38 error npm -v 1.4.28
39 error code E404
40 verbose exit [ 1, true ]
